{"name":"hexo","hostname":"wynnmatoMacBook-Pro.local","pid":51984,"level":20,"msg":"Hexo version: \u001b[35m3.2.0\u001b[39m","time":"2016-04-10T16:42:58.795Z","v":0}
{"name":"hexo","hostname":"wynnmatoMacBook-Pro.local","pid":51984,"level":20,"msg":"Working directory: \u001b[35m~/Documents/hexo-blog/\u001b[39m","time":"2016-04-10T16:42:58.801Z","v":0}
{"name":"hexo","hostname":"wynnmatoMacBook-Pro.local","pid":51984,"level":20,"msg":"Config loaded: \u001b[35m~/Documents/hexo-blog/_config.yml\u001b[39m","time":"2016-04-10T16:42:58.990Z","v":0}
{"name":"hexo","hostname":"wynnmatoMacBook-Pro.local","pid":51984,"level":20,"msg":"Script loaded: \u001b[35mthemes/next/scripts/merge-configs.js\u001b[39m","time":"2016-04-10T16:42:59.008Z","v":0}
{"name":"hexo","hostname":"wynnmatoMacBook-Pro.local","pid":51984,"level":20,"msg":"Script loaded: \u001b[35mthemes/next/scripts/tags/center-quote.js\u001b[39m","time":"2016-04-10T16:42:59.009Z","v":0}
{"name":"hexo","hostname":"wynnmatoMacBook-Pro.local","pid":51984,"level":20,"msg":"Script loaded: \u001b[35mthemes/next/scripts/tags/full-image.js\u001b[39m","time":"2016-04-10T16:42:59.010Z","v":0}
{"name":"hexo","hostname":"wynnmatoMacBook-Pro.local","pid":51984,"level":20,"msg":"Script loaded: \u001b[35mthemes/next/scripts/tags/group-pictures.js\u001b[39m","time":"2016-04-10T16:42:59.011Z","v":0}
{"name":"hexo","hostname":"wynnmatoMacBook-Pro.local","pid":51984,"level":20,"msg":"Plugin loaded: \u001b[35mhexo-deployer-git\u001b[39m","time":"2016-04-10T16:42:59.329Z","v":0}
{"name":"hexo","hostname":"wynnmatoMacBook-Pro.local","pid":51984,"level":20,"msg":"Plugin loaded: \u001b[35mhexo-generator-archive\u001b[39m","time":"2016-04-10T16:42:59.335Z","v":0}
{"name":"hexo","hostname":"wynnmatoMacBook-Pro.local","pid":51984,"level":20,"msg":"Plugin loaded: \u001b[35mhexo-generator-category\u001b[39m","time":"2016-04-10T16:42:59.340Z","v":0}
{"name":"hexo","hostname":"wynnmatoMacBook-Pro.local","pid":51984,"level":20,"msg":"Plugin loaded: \u001b[35mhexo-generator-index\u001b[39m","time":"2016-04-10T16:42:59.345Z","v":0}
{"name":"hexo","hostname":"wynnmatoMacBook-Pro.local","pid":51984,"level":20,"msg":"Plugin loaded: \u001b[35mhexo-generator-tag\u001b[39m","time":"2016-04-10T16:42:59.356Z","v":0}
{"name":"hexo","hostname":"wynnmatoMacBook-Pro.local","pid":51984,"level":20,"msg":"Plugin loaded: \u001b[35mhexo-renderer-ejs\u001b[39m","time":"2016-04-10T16:42:59.361Z","v":0}
{"name":"hexo","hostname":"wynnmatoMacBook-Pro.local","pid":51984,"level":20,"msg":"Plugin loaded: \u001b[35mhexo-renderer-marked\u001b[39m","time":"2016-04-10T16:42:59.474Z","v":0}
{"name":"hexo","hostname":"wynnmatoMacBook-Pro.local","pid":51984,"level":20,"msg":"Plugin loaded: \u001b[35mhexo-renderer-stylus\u001b[39m","time":"2016-04-10T16:42:59.475Z","v":0}
{"name":"hexo","hostname":"wynnmatoMacBook-Pro.local","pid":51984,"level":20,"msg":"Plugin loaded: \u001b[35mhexo-server\u001b[39m","time":"2016-04-10T16:42:59.631Z","v":0}
{"name":"hexo","hostname":"wynnmatoMacBook-Pro.local","pid":51984,"level":20,"msg":"Loading database.","time":"2016-04-10T16:42:59.644Z","v":0}
{"name":"hexo","hostname":"wynnmatoMacBook-Pro.local","pid":51984,"level":30,"msg":"Start processing","time":"2016-04-10T16:42:59.704Z","v":0}
{"name":"hexo","hostname":"wynnmatoMacBook-Pro.local","pid":51984,"level":20,"msg":"Processed: \u001b[35mCNAME\u001b[39m","time":"2016-04-10T16:42:59.806Z","v":0}
{"name":"hexo","hostname":"wynnmatoMacBook-Pro.local","pid":51984,"level":20,"msg":"Processed: \u001b[35mdebug.log\u001b[39m","time":"2016-04-10T16:42:59.806Z","v":0}
{"name":"hexo","hostname":"wynnmatoMacBook-Pro.local","pid":51984,"level":20,"msg":"Processed: \u001b[35m_posts/hello-world.md\u001b[39m","time":"2016-04-10T16:42:59.841Z","v":0}
{"name":"hexo","hostname":"wynnmatoMacBook-Pro.local","pid":51984,"level":20,"msg":"Processed: \u001b[35mimages/avatar.png\u001b[39m","time":"2016-04-10T16:42:59.871Z","v":0}
{"name":"hexo","hostname":"wynnmatoMacBook-Pro.local","pid":51984,"level":20,"msg":"Theme config loaded.","time":"2016-04-10T16:42:59.938Z","v":0}
{"name":"hexo","hostname":"wynnmatoMacBook-Pro.local","pid":51984,"level":20,"msg":"Processed: \u001b[35m_config.yml\u001b[39m","time":"2016-04-10T16:42:59.941Z","v":0}
{"name":"hexo","hostname":"wynnmatoMacBook-Pro.local","pid":51984,"level":20,"msg":"Processed: \u001b[35msource/css/main.styl\u001b[39m","time":"2016-04-10T16:42:59.942Z","v":0}
{"name":"hexo","hostname":"wynnmatoMacBook-Pro.local","pid":51984,"level":20,"msg":"Processed: \u001b[35msource/images/cc-by-nc-nd.svg\u001b[39m","time":"2016-04-10T16:42:59.943Z","v":0}
{"name":"hexo","hostname":"wynnmatoMacBook-Pro.local","pid":51984,"level":20,"msg":"Processed: \u001b[35msource/images/cc-by-nc-sa.svg\u001b[39m","time":"2016-04-10T16:42:59.944Z","v":0}
{"name":"hexo","hostname":"wynnmatoMacBook-Pro.local","pid":51984,"level":20,"msg":"Processed: \u001b[35msource/images/cc-by-nc.svg\u001b[39m","time":"2016-04-10T16:42:59.945Z","v":0}
{"name":"hexo","hostname":"wynnmatoMacBook-Pro.local","pid":51984,"level":20,"msg":"Processed: \u001b[35msource/images/cc-by-nd.svg\u001b[39m","time":"2016-04-10T16:42:59.946Z","v":0}
{"name":"hexo","hostname":"wynnmatoMacBook-Pro.local","pid":51984,"level":20,"msg":"Processed: \u001b[35msource/images/cc-by-sa.svg\u001b[39m","time":"2016-04-10T16:42:59.946Z","v":0}
{"name":"hexo","hostname":"wynnmatoMacBook-Pro.local","pid":51984,"level":20,"msg":"Processed: \u001b[35msource/images/cc-by.svg\u001b[39m","time":"2016-04-10T16:42:59.947Z","v":0}
{"name":"hexo","hostname":"wynnmatoMacBook-Pro.local","pid":51984,"level":20,"msg":"Processed: \u001b[35msource/images/cc-zero.svg\u001b[39m","time":"2016-04-10T16:42:59.947Z","v":0}
{"name":"hexo","hostname":"wynnmatoMacBook-Pro.local","pid":51984,"level":20,"msg":"Processed: \u001b[35msource/images/loading.gif\u001b[39m","time":"2016-04-10T16:42:59.947Z","v":0}
{"name":"hexo","hostname":"wynnmatoMacBook-Pro.local","pid":51984,"level":20,"msg":"Processed: \u001b[35msource/images/placeholder.gif\u001b[39m","time":"2016-04-10T16:42:59.948Z","v":0}
{"name":"hexo","hostname":"wynnmatoMacBook-Pro.local","pid":51984,"level":20,"msg":"Processed: \u001b[35msource/images/quote-l.svg\u001b[39m","time":"2016-04-10T16:42:59.949Z","v":0}
{"name":"hexo","hostname":"wynnmatoMacBook-Pro.local","pid":51984,"level":20,"msg":"Processed: \u001b[35msource/images/quote-r.svg\u001b[39m","time":"2016-04-10T16:42:59.949Z","v":0}
{"name":"hexo","hostname":"wynnmatoMacBook-Pro.local","pid":51984,"level":20,"msg":"Processed: \u001b[35msource/images/searchicon.png\u001b[39m","time":"2016-04-10T16:42:59.950Z","v":0}
{"name":"hexo","hostname":"wynnmatoMacBook-Pro.local","pid":51984,"level":20,"msg":"Processed: \u001b[35mlayout/_layout.swig\u001b[39m","time":"2016-04-10T16:43:00.165Z","v":0}
{"name":"hexo","hostname":"wynnmatoMacBook-Pro.local","pid":51984,"level":20,"msg":"Processed: \u001b[35mlayout/archive.swig\u001b[39m","time":"2016-04-10T16:43:00.166Z","v":0}
{"name":"hexo","hostname":"wynnmatoMacBook-Pro.local","pid":51984,"level":20,"msg":"Processed: \u001b[35mlayout/category.swig\u001b[39m","time":"2016-04-10T16:43:00.166Z","v":0}
{"name":"hexo","hostname":"wynnmatoMacBook-Pro.local","pid":51984,"level":20,"msg":"Processed: \u001b[35mlayout/index.swig\u001b[39m","time":"2016-04-10T16:43:00.166Z","v":0}
{"name":"hexo","hostname":"wynnmatoMacBook-Pro.local","pid":51984,"level":20,"msg":"Processed: \u001b[35mlayout/page.swig\u001b[39m","time":"2016-04-10T16:43:00.166Z","v":0}
{"name":"hexo","hostname":"wynnmatoMacBook-Pro.local","pid":51984,"level":20,"msg":"Processed: \u001b[35mlayout/post.swig\u001b[39m","time":"2016-04-10T16:43:00.166Z","v":0}
{"name":"hexo","hostname":"wynnmatoMacBook-Pro.local","pid":51984,"level":20,"msg":"Processed: \u001b[35mlayout/tag.swig\u001b[39m","time":"2016-04-10T16:43:00.166Z","v":0}
{"name":"hexo","hostname":"wynnmatoMacBook-Pro.local","pid":51984,"level":20,"msg":"Processed: \u001b[35mlanguages/de.yml\u001b[39m","time":"2016-04-10T16:43:00.173Z","v":0}
{"name":"hexo","hostname":"wynnmatoMacBook-Pro.local","pid":51984,"level":20,"msg":"Processed: \u001b[35mlanguages/default.yml\u001b[39m","time":"2016-04-10T16:43:00.174Z","v":0}
{"name":"hexo","hostname":"wynnmatoMacBook-Pro.local","pid":51984,"level":20,"msg":"Processed: \u001b[35mlanguages/en.yml\u001b[39m","time":"2016-04-10T16:43:00.174Z","v":0}
{"name":"hexo","hostname":"wynnmatoMacBook-Pro.local","pid":51984,"level":20,"msg":"Processed: \u001b[35mlanguages/fr-FR.yml\u001b[39m","time":"2016-04-10T16:43:00.174Z","v":0}
{"name":"hexo","hostname":"wynnmatoMacBook-Pro.local","pid":51984,"level":20,"msg":"Processed: \u001b[35mlanguages/ja.yml\u001b[39m","time":"2016-04-10T16:43:00.174Z","v":0}
{"name":"hexo","hostname":"wynnmatoMacBook-Pro.local","pid":51984,"level":20,"msg":"Processed: \u001b[35mlanguages/pt.yml\u001b[39m","time":"2016-04-10T16:43:00.174Z","v":0}
{"name":"hexo","hostname":"wynnmatoMacBook-Pro.local","pid":51984,"level":20,"msg":"Processed: \u001b[35mlanguages/ru.yml\u001b[39m","time":"2016-04-10T16:43:00.175Z","v":0}
{"name":"hexo","hostname":"wynnmatoMacBook-Pro.local","pid":51984,"level":20,"msg":"Processed: \u001b[35mlanguages/zh-Hans.yml\u001b[39m","time":"2016-04-10T16:43:00.175Z","v":0}
{"name":"hexo","hostname":"wynnmatoMacBook-Pro.local","pid":51984,"level":20,"msg":"Processed: \u001b[35mlanguages/zh-hk.yml\u001b[39m","time":"2016-04-10T16:43:00.175Z","v":0}
{"name":"hexo","hostname":"wynnmatoMacBook-Pro.local","pid":51984,"level":20,"msg":"Processed: \u001b[35mlanguages/zh-tw.yml\u001b[39m","time":"2016-04-10T16:43:00.175Z","v":0}
{"name":"hexo","hostname":"wynnmatoMacBook-Pro.local","pid":51984,"level":20,"msg":"Processed: \u001b[35msource/js/src/affix.js\u001b[39m","time":"2016-04-10T16:43:00.176Z","v":0}
{"name":"hexo","hostname":"wynnmatoMacBook-Pro.local","pid":51984,"level":20,"msg":"Processed: \u001b[35msource/js/src/bootstrap.js\u001b[39m","time":"2016-04-10T16:43:00.176Z","v":0}
{"name":"hexo","hostname":"wynnmatoMacBook-Pro.local","pid":51984,"level":20,"msg":"Processed: \u001b[35msource/js/src/hook-duoshuo.js\u001b[39m","time":"2016-04-10T16:43:00.177Z","v":0}
{"name":"hexo","hostname":"wynnmatoMacBook-Pro.local","pid":51984,"level":20,"msg":"Processed: \u001b[35msource/js/src/motion.js\u001b[39m","time":"2016-04-10T16:43:00.177Z","v":0}
{"name":"hexo","hostname":"wynnmatoMacBook-Pro.local","pid":51984,"level":20,"msg":"Processed: \u001b[35msource/js/src/post-details.js\u001b[39m","time":"2016-04-10T16:43:00.178Z","v":0}
{"name":"hexo","hostname":"wynnmatoMacBook-Pro.local","pid":51984,"level":20,"msg":"Processed: \u001b[35msource/js/src/scrollspy.js\u001b[39m","time":"2016-04-10T16:43:00.178Z","v":0}
{"name":"hexo","hostname":"wynnmatoMacBook-Pro.local","pid":51984,"level":20,"msg":"Processed: \u001b[35msource/js/src/utils.js\u001b[39m","time":"2016-04-10T16:43:00.178Z","v":0}
{"name":"hexo","hostname":"wynnmatoMacBook-Pro.local","pid":51984,"level":20,"msg":"Processed: \u001b[35msource/vendors/fastclick/LICENSE\u001b[39m","time":"2016-04-10T16:43:00.193Z","v":0}
{"name":"hexo","hostname":"wynnmatoMacBook-Pro.local","pid":51984,"level":20,"msg":"Processed: \u001b[35msource/vendors/fastclick/README.md\u001b[39m","time":"2016-04-10T16:43:00.194Z","v":0}
{"name":"hexo","hostname":"wynnmatoMacBook-Pro.local","pid":51984,"level":20,"msg":"Processed: \u001b[35msource/vendors/fastclick/bower.json\u001b[39m","time":"2016-04-10T16:43:00.195Z","v":0}
{"name":"hexo","hostname":"wynnmatoMacBook-Pro.local","pid":51984,"level":20,"msg":"Processed: \u001b[35msource/vendors/font-awesome/HELP-US-OUT.txt\u001b[39m","time":"2016-04-10T16:43:00.196Z","v":0}
{"name":"hexo","hostname":"wynnmatoMacBook-Pro.local","pid":51984,"level":20,"msg":"Processed: \u001b[35msource/vendors/font-awesome/bower.json\u001b[39m","time":"2016-04-10T16:43:00.197Z","v":0}
{"name":"hexo","hostname":"wynnmatoMacBook-Pro.local","pid":51984,"level":20,"msg":"Processed: \u001b[35msource/vendors/jquery_lazyload/CONTRIBUTING.md\u001b[39m","time":"2016-04-10T16:43:00.199Z","v":0}
{"name":"hexo","hostname":"wynnmatoMacBook-Pro.local","pid":51984,"level":20,"msg":"Processed: \u001b[35msource/vendors/jquery_lazyload/README.md\u001b[39m","time":"2016-04-10T16:43:00.200Z","v":0}
{"name":"hexo","hostname":"wynnmatoMacBook-Pro.local","pid":51984,"level":20,"msg":"Processed: \u001b[35msource/vendors/jquery_lazyload/bower.json\u001b[39m","time":"2016-04-10T16:43:00.200Z","v":0}
{"name":"hexo","hostname":"wynnmatoMacBook-Pro.local","pid":51984,"level":20,"msg":"Processed: \u001b[35msource/vendors/jquery_lazyload/jquery.lazyload.js\u001b[39m","time":"2016-04-10T16:43:00.201Z","v":0}
{"name":"hexo","hostname":"wynnmatoMacBook-Pro.local","pid":51984,"level":20,"msg":"Processed: \u001b[35msource/vendors/jquery_lazyload/jquery.scrollstop.js\u001b[39m","time":"2016-04-10T16:43:00.202Z","v":0}
{"name":"hexo","hostname":"wynnmatoMacBook-Pro.local","pid":51984,"level":20,"msg":"Processed: \u001b[35msource/vendors/velocity/bower.json\u001b[39m","time":"2016-04-10T16:43:00.203Z","v":0}
{"name":"hexo","hostname":"wynnmatoMacBook-Pro.local","pid":51984,"level":20,"msg":"Processed: \u001b[35msource/vendors/velocity/velocity.min.js\u001b[39m","time":"2016-04-10T16:43:00.203Z","v":0}
{"name":"hexo","hostname":"wynnmatoMacBook-Pro.local","pid":51984,"level":20,"msg":"Processed: \u001b[35msource/vendors/velocity/velocity.ui.min.js\u001b[39m","time":"2016-04-10T16:43:00.203Z","v":0}
{"name":"hexo","hostname":"wynnmatoMacBook-Pro.local","pid":51984,"level":20,"msg":"Processed: \u001b[35msource/vendors/velocity/velocity.ui.js\u001b[39m","time":"2016-04-10T16:43:00.203Z","v":0}
{"name":"hexo","hostname":"wynnmatoMacBook-Pro.local","pid":51984,"level":20,"msg":"Processed: \u001b[35mlayout/_macro/post-collapse.swig\u001b[39m","time":"2016-04-10T16:43:00.263Z","v":0}
{"name":"hexo","hostname":"wynnmatoMacBook-Pro.local","pid":51984,"level":20,"msg":"Processed: \u001b[35mlayout/_macro/post.swig\u001b[39m","time":"2016-04-10T16:43:00.263Z","v":0}
{"name":"hexo","hostname":"wynnmatoMacBook-Pro.local","pid":51984,"level":20,"msg":"Processed: \u001b[35mlayout/_macro/reward.swig\u001b[39m","time":"2016-04-10T16:43:00.263Z","v":0}
{"name":"hexo","hostname":"wynnmatoMacBook-Pro.local","pid":51984,"level":20,"msg":"Processed: \u001b[35mlayout/_macro/sidebar.swig\u001b[39m","time":"2016-04-10T16:43:00.263Z","v":0}
{"name":"hexo","hostname":"wynnmatoMacBook-Pro.local","pid":51984,"level":20,"msg":"Processed: \u001b[35mlayout/_macro/wechat-subscriber.swig\u001b[39m","time":"2016-04-10T16:43:00.263Z","v":0}
{"name":"hexo","hostname":"wynnmatoMacBook-Pro.local","pid":51984,"level":20,"msg":"Processed: \u001b[35mlayout/_partials/comments.swig\u001b[39m","time":"2016-04-10T16:43:00.264Z","v":0}
{"name":"hexo","hostname":"wynnmatoMacBook-Pro.local","pid":51984,"level":20,"msg":"Processed: \u001b[35mlayout/_partials/duoshuo-hot-articles.swig\u001b[39m","time":"2016-04-10T16:43:00.264Z","v":0}
{"name":"hexo","hostname":"wynnmatoMacBook-Pro.local","pid":51984,"level":20,"msg":"Processed: \u001b[35mlayout/_partials/footer.swig\u001b[39m","time":"2016-04-10T16:43:00.264Z","v":0}
{"name":"hexo","hostname":"wynnmatoMacBook-Pro.local","pid":51984,"level":20,"msg":"Processed: \u001b[35mlayout/_partials/head.swig\u001b[39m","time":"2016-04-10T16:43:00.264Z","v":0}
{"name":"hexo","hostname":"wynnmatoMacBook-Pro.local","pid":51984,"level":20,"msg":"Processed: \u001b[35mlayout/_partials/header.swig\u001b[39m","time":"2016-04-10T16:43:00.264Z","v":0}
{"name":"hexo","hostname":"wynnmatoMacBook-Pro.local","pid":51984,"level":20,"msg":"Processed: \u001b[35mlayout/_partials/pagination.swig\u001b[39m","time":"2016-04-10T16:43:00.264Z","v":0}
{"name":"hexo","hostname":"wynnmatoMacBook-Pro.local","pid":51984,"level":20,"msg":"Processed: \u001b[35mlayout/_partials/search.swig\u001b[39m","time":"2016-04-10T16:43:00.264Z","v":0}
{"name":"hexo","hostname":"wynnmatoMacBook-Pro.local","pid":51984,"level":20,"msg":"Processed: \u001b[35mlayout/_scripts/baidu-push.swig\u001b[39m","time":"2016-04-10T16:43:00.265Z","v":0}
{"name":"hexo","hostname":"wynnmatoMacBook-Pro.local","pid":51984,"level":20,"msg":"Processed: \u001b[35mlayout/_scripts/boostrap.swig\u001b[39m","time":"2016-04-10T16:43:00.265Z","v":0}
{"name":"hexo","hostname":"wynnmatoMacBook-Pro.local","pid":51984,"level":20,"msg":"Processed: \u001b[35mlayout/_scripts/commons.swig\u001b[39m","time":"2016-04-10T16:43:00.265Z","v":0}
{"name":"hexo","hostname":"wynnmatoMacBook-Pro.local","pid":51984,"level":20,"msg":"Processed: \u001b[35mlayout/_scripts/vendors.swig\u001b[39m","time":"2016-04-10T16:43:00.265Z","v":0}
{"name":"hexo","hostname":"wynnmatoMacBook-Pro.local","pid":51984,"level":20,"msg":"Processed: \u001b[35msource/vendors/jquery/index.js\u001b[39m","time":"2016-04-10T16:43:00.269Z","v":0}
{"name":"hexo","hostname":"wynnmatoMacBook-Pro.local","pid":51984,"level":20,"msg":"Processed: \u001b[35msource/js/src/schemes/pisces.js\u001b[39m","time":"2016-04-10T16:43:00.269Z","v":0}
{"name":"hexo","hostname":"wynnmatoMacBook-Pro.local","pid":51984,"level":20,"msg":"Processed: \u001b[35mlayout/_scripts/schemes/mist.swig\u001b[39m","time":"2016-04-10T16:43:00.278Z","v":0}
{"name":"hexo","hostname":"wynnmatoMacBook-Pro.local","pid":51984,"level":20,"msg":"Processed: \u001b[35mlayout/_scripts/schemes/muse.swig\u001b[39m","time":"2016-04-10T16:43:00.278Z","v":0}
{"name":"hexo","hostname":"wynnmatoMacBook-Pro.local","pid":51984,"level":20,"msg":"Processed: \u001b[35msource/vendors/fancybox/source/blank.gif\u001b[39m","time":"2016-04-10T16:43:00.281Z","v":0}
{"name":"hexo","hostname":"wynnmatoMacBook-Pro.local","pid":51984,"level":20,"msg":"Processed: \u001b[35msource/vendors/fancybox/source/fancybox_loading.gif\u001b[39m","time":"2016-04-10T16:43:00.281Z","v":0}
{"name":"hexo","hostname":"wynnmatoMacBook-Pro.local","pid":51984,"level":20,"msg":"Processed: \u001b[35msource/vendors/fancybox/source/fancybox_loading@2x.gif\u001b[39m","time":"2016-04-10T16:43:00.282Z","v":0}
{"name":"hexo","hostname":"wynnmatoMacBook-Pro.local","pid":51984,"level":20,"msg":"Processed: \u001b[35msource/vendors/fancybox/source/fancybox_overlay.png\u001b[39m","time":"2016-04-10T16:43:00.282Z","v":0}
{"name":"hexo","hostname":"wynnmatoMacBook-Pro.local","pid":51984,"level":20,"msg":"Processed: \u001b[35msource/vendors/fancybox/source/fancybox_sprite.png\u001b[39m","time":"2016-04-10T16:43:00.283Z","v":0}
{"name":"hexo","hostname":"wynnmatoMacBook-Pro.local","pid":51984,"level":20,"msg":"Processed: \u001b[35msource/vendors/fancybox/source/fancybox_sprite@2x.png\u001b[39m","time":"2016-04-10T16:43:00.283Z","v":0}
{"name":"hexo","hostname":"wynnmatoMacBook-Pro.local","pid":51984,"level":20,"msg":"Processed: \u001b[35msource/vendors/fancybox/source/jquery.fancybox.css\u001b[39m","time":"2016-04-10T16:43:00.283Z","v":0}
{"name":"hexo","hostname":"wynnmatoMacBook-Pro.local","pid":51984,"level":20,"msg":"Processed: \u001b[35msource/vendors/fancybox/source/jquery.fancybox.js\u001b[39m","time":"2016-04-10T16:43:00.284Z","v":0}
{"name":"hexo","hostname":"wynnmatoMacBook-Pro.local","pid":51984,"level":20,"msg":"Processed: \u001b[35msource/vendors/fancybox/source/jquery.fancybox.pack.js\u001b[39m","time":"2016-04-10T16:43:00.284Z","v":0}
{"name":"hexo","hostname":"wynnmatoMacBook-Pro.local","pid":51984,"level":20,"msg":"Processed: \u001b[35msource/vendors/fastclick/lib/fastclick.js\u001b[39m","time":"2016-04-10T16:43:00.284Z","v":0}
{"name":"hexo","hostname":"wynnmatoMacBook-Pro.local","pid":51984,"level":20,"msg":"Processed: \u001b[35msource/vendors/fastclick/lib/fastclick.min.js\u001b[39m","time":"2016-04-10T16:43:00.285Z","v":0}
{"name":"hexo","hostname":"wynnmatoMacBook-Pro.local","pid":51984,"level":20,"msg":"Processed: \u001b[35msource/vendors/font-awesome/css/font-awesome.css\u001b[39m","time":"2016-04-10T16:43:00.285Z","v":0}
{"name":"hexo","hostname":"wynnmatoMacBook-Pro.local","pid":51984,"level":20,"msg":"Processed: \u001b[35msource/vendors/font-awesome/css/font-awesome.css.map\u001b[39m","time":"2016-04-10T16:43:00.285Z","v":0}
{"name":"hexo","hostname":"wynnmatoMacBook-Pro.local","pid":51984,"level":20,"msg":"Processed: \u001b[35msource/vendors/font-awesome/css/font-awesome.min.css\u001b[39m","time":"2016-04-10T16:43:00.286Z","v":0}
{"name":"hexo","hostname":"wynnmatoMacBook-Pro.local","pid":51984,"level":20,"msg":"Processed: \u001b[35msource/vendors/font-awesome/fonts/fontawesome-webfont.woff2\u001b[39m","time":"2016-04-10T16:43:00.286Z","v":0}
{"name":"hexo","hostname":"wynnmatoMacBook-Pro.local","pid":51984,"level":20,"msg":"Processed: \u001b[35msource/vendors/ua-parser-js/dist/ua-parser.min.js\u001b[39m","time":"2016-04-10T16:43:00.286Z","v":0}
{"name":"hexo","hostname":"wynnmatoMacBook-Pro.local","pid":51984,"level":20,"msg":"Processed: \u001b[35msource/vendors/ua-parser-js/dist/ua-parser.pack.js\u001b[39m","time":"2016-04-10T16:43:00.286Z","v":0}
{"name":"hexo","hostname":"wynnmatoMacBook-Pro.local","pid":51984,"level":20,"msg":"Processed: \u001b[35mlayout/_partials/head/external-fonts.swig\u001b[39m","time":"2016-04-10T16:43:00.303Z","v":0}
{"name":"hexo","hostname":"wynnmatoMacBook-Pro.local","pid":51984,"level":20,"msg":"Processed: \u001b[35mlayout/_partials/search/localsearch.swig\u001b[39m","time":"2016-04-10T16:43:00.303Z","v":0}
{"name":"hexo","hostname":"wynnmatoMacBook-Pro.local","pid":51984,"level":20,"msg":"Processed: \u001b[35mlayout/_partials/search/tinysou.swig\u001b[39m","time":"2016-04-10T16:43:00.304Z","v":0}
{"name":"hexo","hostname":"wynnmatoMacBook-Pro.local","pid":51984,"level":20,"msg":"Processed: \u001b[35mlayout/_partials/search/swiftype.swig\u001b[39m","time":"2016-04-10T16:43:00.304Z","v":0}
{"name":"hexo","hostname":"wynnmatoMacBook-Pro.local","pid":51984,"level":20,"msg":"Processed: \u001b[35mlayout/_partials/share/add-this.swig\u001b[39m","time":"2016-04-10T16:43:00.304Z","v":0}
{"name":"hexo","hostname":"wynnmatoMacBook-Pro.local","pid":51984,"level":20,"msg":"Processed: \u001b[35mlayout/_partials/share/baidushare.swig\u001b[39m","time":"2016-04-10T16:43:00.304Z","v":0}
{"name":"hexo","hostname":"wynnmatoMacBook-Pro.local","pid":51984,"level":20,"msg":"Processed: \u001b[35mlayout/_partials/share/duoshuo_share.swig\u001b[39m","time":"2016-04-10T16:43:00.304Z","v":0}
{"name":"hexo","hostname":"wynnmatoMacBook-Pro.local","pid":51984,"level":20,"msg":"Processed: \u001b[35mlayout/_partials/share/jiathis.swig\u001b[39m","time":"2016-04-10T16:43:00.304Z","v":0}
{"name":"hexo","hostname":"wynnmatoMacBook-Pro.local","pid":51984,"level":20,"msg":"Processed: \u001b[35mlayout/_scripts/pages/post-details.swig\u001b[39m","time":"2016-04-10T16:43:00.305Z","v":0}
{"name":"hexo","hostname":"wynnmatoMacBook-Pro.local","pid":51984,"level":20,"msg":"Processed: \u001b[35mlayout/_scripts/schemes/pisces.swig\u001b[39m","time":"2016-04-10T16:43:00.305Z","v":0}
{"name":"hexo","hostname":"wynnmatoMacBook-Pro.local","pid":51984,"level":20,"msg":"Processed: \u001b[35mlayout/_scripts/third-party/analytics.swig\u001b[39m","time":"2016-04-10T16:43:00.305Z","v":0}
{"name":"hexo","hostname":"wynnmatoMacBook-Pro.local","pid":51984,"level":20,"msg":"Processed: \u001b[35mlayout/_scripts/third-party/comments.swig\u001b[39m","time":"2016-04-10T16:43:00.305Z","v":0}
{"name":"hexo","hostname":"wynnmatoMacBook-Pro.local","pid":51984,"level":20,"msg":"Processed: \u001b[35mlayout/_scripts/third-party/lean-analytics.swig\u001b[39m","time":"2016-04-10T16:43:00.305Z","v":0}
{"name":"hexo","hostname":"wynnmatoMacBook-Pro.local","pid":51984,"level":20,"msg":"Processed: \u001b[35mlayout/_scripts/third-party/localsearch.swig\u001b[39m","time":"2016-04-10T16:43:00.305Z","v":0}
{"name":"hexo","hostname":"wynnmatoMacBook-Pro.local","pid":51984,"level":20,"msg":"Processed: \u001b[35mlayout/_scripts/third-party/mathjax.swig\u001b[39m","time":"2016-04-10T16:43:00.305Z","v":0}
{"name":"hexo","hostname":"wynnmatoMacBook-Pro.local","pid":51984,"level":20,"msg":"Processed: \u001b[35mlayout/_scripts/third-party/tinysou.swig\u001b[39m","time":"2016-04-10T16:43:00.306Z","v":0}
{"name":"hexo","hostname":"wynnmatoMacBook-Pro.local","pid":51984,"level":20,"msg":"Processed: \u001b[35msource/vendors/font-awesome/fonts/FontAwesome.otf\u001b[39m","time":"2016-04-10T16:43:00.308Z","v":0}
{"name":"hexo","hostname":"wynnmatoMacBook-Pro.local","pid":51984,"level":20,"msg":"Processed: \u001b[35msource/vendors/font-awesome/fonts/fontawesome-webfont.eot\u001b[39m","time":"2016-04-10T16:43:00.309Z","v":0}
{"name":"hexo","hostname":"wynnmatoMacBook-Pro.local","pid":51984,"level":20,"msg":"Processed: \u001b[35msource/vendors/font-awesome/fonts/fontawesome-webfont.woff\u001b[39m","time":"2016-04-10T16:43:00.310Z","v":0}
{"name":"hexo","hostname":"wynnmatoMacBook-Pro.local","pid":51984,"level":20,"msg":"Processed: \u001b[35msource/vendors/velocity/velocity.js\u001b[39m","time":"2016-04-10T16:43:00.310Z","v":0}
{"name":"hexo","hostname":"wynnmatoMacBook-Pro.local","pid":51984,"level":20,"msg":"Processed: \u001b[35msource/vendors/fancybox/source/helpers/fancybox_buttons.png\u001b[39m","time":"2016-04-10T16:43:00.316Z","v":0}
{"name":"hexo","hostname":"wynnmatoMacBook-Pro.local","pid":51984,"level":20,"msg":"Processed: \u001b[35msource/vendors/fancybox/source/helpers/jquery.fancybox-buttons.css\u001b[39m","time":"2016-04-10T16:43:00.317Z","v":0}
{"name":"hexo","hostname":"wynnmatoMacBook-Pro.local","pid":51984,"level":20,"msg":"Processed: \u001b[35msource/vendors/fancybox/source/helpers/jquery.fancybox-buttons.js\u001b[39m","time":"2016-04-10T16:43:00.317Z","v":0}
{"name":"hexo","hostname":"wynnmatoMacBook-Pro.local","pid":51984,"level":20,"msg":"Processed: \u001b[35msource/vendors/fancybox/source/helpers/jquery.fancybox-media.js\u001b[39m","time":"2016-04-10T16:43:00.319Z","v":0}
{"name":"hexo","hostname":"wynnmatoMacBook-Pro.local","pid":51984,"level":20,"msg":"Processed: \u001b[35msource/vendors/fancybox/source/helpers/jquery.fancybox-thumbs.css\u001b[39m","time":"2016-04-10T16:43:00.320Z","v":0}
{"name":"hexo","hostname":"wynnmatoMacBook-Pro.local","pid":51984,"level":20,"msg":"Processed: \u001b[35msource/vendors/fancybox/source/helpers/jquery.fancybox-thumbs.js\u001b[39m","time":"2016-04-10T16:43:00.320Z","v":0}
{"name":"hexo","hostname":"wynnmatoMacBook-Pro.local","pid":51984,"level":20,"msg":"Processed: \u001b[35msource/vendors/font-awesome/fonts/fontawesome-webfont.ttf\u001b[39m","time":"2016-04-10T16:43:00.320Z","v":0}
{"name":"hexo","hostname":"wynnmatoMacBook-Pro.local","pid":51984,"level":20,"msg":"Processed: \u001b[35mlayout/_scripts/third-party/analytics/baidu-analytics.swig\u001b[39m","time":"2016-04-10T16:43:00.332Z","v":0}
{"name":"hexo","hostname":"wynnmatoMacBook-Pro.local","pid":51984,"level":20,"msg":"Processed: \u001b[35mlayout/_scripts/third-party/analytics/busuanzi-counter.swig\u001b[39m","time":"2016-04-10T16:43:00.333Z","v":0}
{"name":"hexo","hostname":"wynnmatoMacBook-Pro.local","pid":51984,"level":20,"msg":"Processed: \u001b[35mlayout/_scripts/third-party/analytics/cnzz-analytics.swig\u001b[39m","time":"2016-04-10T16:43:00.333Z","v":0}
{"name":"hexo","hostname":"wynnmatoMacBook-Pro.local","pid":51984,"level":20,"msg":"Processed: \u001b[35mlayout/_scripts/third-party/analytics/facebook-sdk.swig\u001b[39m","time":"2016-04-10T16:43:00.333Z","v":0}
{"name":"hexo","hostname":"wynnmatoMacBook-Pro.local","pid":51984,"level":20,"msg":"Processed: \u001b[35mlayout/_scripts/third-party/analytics/google-analytics.swig\u001b[39m","time":"2016-04-10T16:43:00.333Z","v":0}
{"name":"hexo","hostname":"wynnmatoMacBook-Pro.local","pid":51984,"level":20,"msg":"Processed: \u001b[35mlayout/_scripts/third-party/analytics/tencent-analytics.swig\u001b[39m","time":"2016-04-10T16:43:00.333Z","v":0}
{"name":"hexo","hostname":"wynnmatoMacBook-Pro.local","pid":51984,"level":20,"msg":"Processed: \u001b[35mlayout/_scripts/third-party/comments/disqus.swig\u001b[39m","time":"2016-04-10T16:43:00.334Z","v":0}
{"name":"hexo","hostname":"wynnmatoMacBook-Pro.local","pid":51984,"level":20,"msg":"Processed: \u001b[35mlayout/_scripts/third-party/comments/duoshuo.swig\u001b[39m","time":"2016-04-10T16:43:00.334Z","v":0}
{"name":"hexo","hostname":"wynnmatoMacBook-Pro.local","pid":51984,"level":20,"msg":"Processed: \u001b[35msource/vendors/font-awesome/fonts/fontawesome-webfont.svg\u001b[39m","time":"2016-04-10T16:43:00.336Z","v":0}
{"name":"hexo","hostname":"wynnmatoMacBook-Pro.local","pid":51984,"level":20,"msg":"Generator: \u001b[35mpage\u001b[39m","time":"2016-04-10T16:43:00.511Z","v":0}
{"name":"hexo","hostname":"wynnmatoMacBook-Pro.local","pid":51984,"level":20,"msg":"Generator: \u001b[35mpost\u001b[39m","time":"2016-04-10T16:43:00.511Z","v":0}
{"name":"hexo","hostname":"wynnmatoMacBook-Pro.local","pid":51984,"level":20,"msg":"Generator: \u001b[35marchive\u001b[39m","time":"2016-04-10T16:43:00.511Z","v":0}
{"name":"hexo","hostname":"wynnmatoMacBook-Pro.local","pid":51984,"level":20,"msg":"Generator: \u001b[35mcategory\u001b[39m","time":"2016-04-10T16:43:00.512Z","v":0}
{"name":"hexo","hostname":"wynnmatoMacBook-Pro.local","pid":51984,"level":20,"msg":"Generator: \u001b[35mindex\u001b[39m","time":"2016-04-10T16:43:00.512Z","v":0}
{"name":"hexo","hostname":"wynnmatoMacBook-Pro.local","pid":51984,"level":20,"msg":"Generator: \u001b[35mtag\u001b[39m","time":"2016-04-10T16:43:00.512Z","v":0}
{"name":"hexo","hostname":"wynnmatoMacBook-Pro.local","pid":51984,"level":20,"msg":"Generator: \u001b[35masset\u001b[39m","time":"2016-04-10T16:43:00.514Z","v":0}
{"name":"hexo","hostname":"wynnmatoMacBook-Pro.local","pid":51984,"level":30,"msg":"Hexo is running at \u001b[4mhttp://0.0.0.0:4000/\u001b[24m. Press Ctrl+C to stop.","time":"2016-04-10T16:43:00.524Z","v":0}
{"name":"hexo","hostname":"wynnmatoMacBook-Pro.local","pid":51984,"level":20,"msg":"Database saved","time":"2016-04-10T16:43:00.556Z","v":0}
{"name":"hexo","hostname":"wynnmatoMacBook-Pro.local","pid":51984,"level":30,"msg":"Bye!","time":"2016-04-10T16:43:03.538Z","v":0}
{"name":"hexo","hostname":"wynnmatoMacBook-Pro.local","pid":51984,"level":20,"msg":"Database saved","time":"2016-04-10T16:43:03.560Z","v":0}
